<?xml version="1.0" encoding="UTF-8"?>
<testng-results ignored="0" total="1" passed="1" failed="0" skipped="0">
  <reporter-output>
  </reporter-output>
  <suite started-at="2023-02-25T12:58:48 IST" name="Default suite" finished-at="2023-02-25T12:59:13 IST" duration-ms="25037">
    <groups>
    </groups>
    <test started-at="2023-02-25T12:58:48 IST" name="Default test" finished-at="2023-02-25T12:59:13 IST" duration-ms="25037">
      <class name="Face.FaceginieTest">
        <test-method signature="mainTest()[pri:0, instance:Face.FaceginieTest@53aac487]" started-at="2023-02-25T12:58:48 IST" name="mainTest" finished-at="2023-02-25T12:59:13 IST" duration-ms="24931" status="PASS">
          <reporter-output>
          </reporter-output>
        </test-method> <!-- mainTest -->
      </class> <!-- Face.FaceginieTest -->
    </test> <!-- Default test -->
  </suite> <!-- Default suite -->
</testng-results>
